

============================== 2022-02-11 05:45:33.795472 | 9c663edd-539b-4ef1-847f-27e559aacdb9 ==============================
05:45:33.795472 [info ] [MainThread]: Running with dbt=1.0.1
05:45:33.798077 [debug] [MainThread]: running dbt with arguments Namespace(cls=<class 'dbt.task.init.InitTask'>, debug=None, defer=None, event_buffer_size=None, fail_fast=None, log_cache_events=False, log_format=None, partial_parse=None, printer_width=None, profile=None, profiles_dir='/config/.dbt', project_dir=None, project_name=None, record_timing_info=None, rpc_method=None, send_anonymous_usage_stats=None, single_threaded=False, skip_profile_setup=False, state=None, static_parser=None, target=None, use_colors=None, use_experimental_parser=None, vars='{}', version_check=None, warn_error=None, which='init', write_json=None)
05:45:33.798362 [debug] [MainThread]: Tracking: tracking
05:45:33.812589 [debug] [MainThread]: Sending event: {'category': 'dbt', 'action': 'invocation', 'label': 'start', 'context': [<snowplow_tracker.self_describing_json.SelfDescribingJson object at 0x7f1700592a90>, <snowplow_tracker.self_describing_json.SelfDescribingJson object at 0x7f1700592a30>, <snowplow_tracker.self_describing_json.SelfDescribingJson object at 0x7f1700592bb0>]}
05:45:33.813278 [info ] [MainThread]: Creating dbt configuration folder at /config/.dbt
05:45:44.894975 [debug] [MainThread]: Starter project path: /config/workspace/dbt-bikeshare/dbt-bikeshare/venv/lib/python3.8/site-packages/dbt/include/starter_project
05:49:28.661966 [info ] [MainThread]: Profile dbt-bikeshare written to /config/.dbt/profiles.yml using target's profile_template.yml and your supplied values. Run 'dbt debug' to validate the connection.
05:49:28.662753 [info ] [MainThread]: 
Your new dbt project "dbt-bikeshare" was created!

For more information on how to configure the profiles.yml file,
please consult the dbt documentation here:

  https://docs.getdbt.com/docs/configure-your-profile

One more thing:

Need help? Don't hesitate to reach out to us via GitHub issues or on Slack:

  https://community.getdbt.com/

Happy modeling!

05:49:28.663230 [debug] [MainThread]: Sending event: {'category': 'dbt', 'action': 'invocation', 'label': 'end', 'context': [<snowplow_tracker.self_describing_json.SelfDescribingJson object at 0x7f1700592790>, <snowplow_tracker.self_describing_json.SelfDescribingJson object at 0x7f1700592760>, <snowplow_tracker.self_describing_json.SelfDescribingJson object at 0x7f17005927c0>]}


============================== 2022-02-11 05:51:55.149368 | cb2dd31b-f9ff-4335-9724-3a568353913c ==============================
05:51:55.149368 [info ] [MainThread]: Running with dbt=1.0.1
05:51:55.150104 [debug] [MainThread]: running dbt with arguments Namespace(cls=<class 'dbt.task.debug.DebugTask'>, config_dir=False, debug=None, defer=None, event_buffer_size=None, fail_fast=None, log_cache_events=False, log_format=None, partial_parse=None, printer_width=None, profile=None, profiles_dir='/config/.dbt', project_dir=None, record_timing_info=None, rpc_method=None, send_anonymous_usage_stats=None, single_threaded=False, state=None, static_parser=None, target=None, use_colors=None, use_experimental_parser=None, vars='{}', version_check=None, warn_error=None, which='debug', write_json=None)
05:51:55.150359 [debug] [MainThread]: Tracking: tracking
05:51:55.165213 [debug] [MainThread]: Sending event: {'category': 'dbt', 'action': 'invocation', 'label': 'start', 'context': [<snowplow_tracker.self_describing_json.SelfDescribingJson object at 0x7f55413a3430>, <snowplow_tracker.self_describing_json.SelfDescribingJson object at 0x7f55413a3670>, <snowplow_tracker.self_describing_json.SelfDescribingJson object at 0x7f55413a3730>]}
05:51:55.658229 [debug] [MainThread]: Executing "git --help"
05:51:55.673750 [debug] [MainThread]: STDOUT: "b"usage: git [--version] [--help] [-C <path>] [-c <name>=<value>]\n           [--exec-path[=<path>]] [--html-path] [--man-path] [--info-path]\n           [-p | --paginate | -P | --no-pager] [--no-replace-objects] [--bare]\n           [--git-dir=<path>] [--work-tree=<path>] [--namespace=<name>]\n           <command> [<args>]\n\nThese are common Git commands used in various situations:\n\nstart a working area (see also: git help tutorial)\n   clone             Clone a repository into a new directory\n   init              Create an empty Git repository or reinitialize an existing one\n\nwork on the current change (see also: git help everyday)\n   add               Add file contents to the index\n   mv                Move or rename a file, a directory, or a symlink\n   restore           Restore working tree files\n   rm                Remove files from the working tree and from the index\n   sparse-checkout   Initialize and modify the sparse-checkout\n\nexamine the history and state (see also: git help revisions)\n   bisect            Use binary search to find the commit that introduced a bug\n   diff              Show changes between commits, commit and working tree, etc\n   grep              Print lines matching a pattern\n   log               Show commit logs\n   show              Show various types of objects\n   status            Show the working tree status\n\ngrow, mark and tweak your common history\n   branch            List, create, or delete branches\n   commit            Record changes to the repository\n   merge             Join two or more development histories together\n   rebase            Reapply commits on top of another base tip\n   reset             Reset current HEAD to the specified state\n   switch            Switch branches\n   tag               Create, list, delete or verify a tag object signed with GPG\n\ncollaborate (see also: git help workflows)\n   fetch             Download objects and refs from another repository\n   pull              Fetch from and integrate with another repository or a local branch\n   push              Update remote refs along with associated objects\n\n'git help -a' and 'git help -g' list available subcommands and some\nconcept guides. See 'git help <command>' or 'git help <concept>'\nto read about a specific subcommand or concept.\nSee 'git help git' for an overview of the system.\n""
05:51:55.674331 [debug] [MainThread]: STDERR: "b''"
05:51:55.681453 [debug] [MainThread]: Acquiring new bigquery connection "debug"
05:51:55.682438 [debug] [MainThread]: Opening a new connection, currently in state init
05:51:55.683005 [debug] [MainThread]: BigQuery adapter: Got an error when attempting to create a bigquery client: '[Errno 2] No such file or directory: '~/workspace/dbt-bikeshare/dbt-bikeshare/dbt-user-creds.json''
05:51:55.683947 [debug] [MainThread]: Sending event: {'category': 'dbt', 'action': 'invocation', 'label': 'end', 'context': [<snowplow_tracker.self_describing_json.SelfDescribingJson object at 0x7f5542ab0760>, <snowplow_tracker.self_describing_json.SelfDescribingJson object at 0x7f5542ab0640>, <snowplow_tracker.self_describing_json.SelfDescribingJson object at 0x7f5542ab0580>]}
05:51:55.912433 [debug] [MainThread]: Connection 'debug' was properly closed.


============================== 2022-02-14 16:12:19.825646 | 865f6f87-0705-4277-9599-3dacb108533d ==============================
16:12:19.825646 [info ] [MainThread]: Running with dbt=1.0.1
16:12:19.826650 [debug] [MainThread]: running dbt with arguments Namespace(cls=<class 'dbt.task.debug.DebugTask'>, config_dir=False, debug=None, defer=None, event_buffer_size=None, fail_fast=None, log_cache_events=False, log_format=None, partial_parse=None, printer_width=None, profile=None, profiles_dir='/config/.dbt', project_dir=None, record_timing_info=None, rpc_method=None, send_anonymous_usage_stats=None, single_threaded=False, state=None, static_parser=None, target=None, use_colors=None, use_experimental_parser=None, vars='{}', version_check=None, warn_error=None, which='debug', write_json=None)
16:12:19.826922 [debug] [MainThread]: Tracking: tracking
16:12:19.841148 [debug] [MainThread]: Sending event: {'category': 'dbt', 'action': 'invocation', 'label': 'start', 'context': [<snowplow_tracker.self_describing_json.SelfDescribingJson object at 0x7ff168416430>, <snowplow_tracker.self_describing_json.SelfDescribingJson object at 0x7ff168416670>, <snowplow_tracker.self_describing_json.SelfDescribingJson object at 0x7ff168416730>]}
16:12:20.324114 [debug] [MainThread]: Executing "git --help"
16:12:20.340144 [debug] [MainThread]: STDOUT: "b"usage: git [--version] [--help] [-C <path>] [-c <name>=<value>]\n           [--exec-path[=<path>]] [--html-path] [--man-path] [--info-path]\n           [-p | --paginate | -P | --no-pager] [--no-replace-objects] [--bare]\n           [--git-dir=<path>] [--work-tree=<path>] [--namespace=<name>]\n           <command> [<args>]\n\nThese are common Git commands used in various situations:\n\nstart a working area (see also: git help tutorial)\n   clone             Clone a repository into a new directory\n   init              Create an empty Git repository or reinitialize an existing one\n\nwork on the current change (see also: git help everyday)\n   add               Add file contents to the index\n   mv                Move or rename a file, a directory, or a symlink\n   restore           Restore working tree files\n   rm                Remove files from the working tree and from the index\n   sparse-checkout   Initialize and modify the sparse-checkout\n\nexamine the history and state (see also: git help revisions)\n   bisect            Use binary search to find the commit that introduced a bug\n   diff              Show changes between commits, commit and working tree, etc\n   grep              Print lines matching a pattern\n   log               Show commit logs\n   show              Show various types of objects\n   status            Show the working tree status\n\ngrow, mark and tweak your common history\n   branch            List, create, or delete branches\n   commit            Record changes to the repository\n   merge             Join two or more development histories together\n   rebase            Reapply commits on top of another base tip\n   reset             Reset current HEAD to the specified state\n   switch            Switch branches\n   tag               Create, list, delete or verify a tag object signed with GPG\n\ncollaborate (see also: git help workflows)\n   fetch             Download objects and refs from another repository\n   pull              Fetch from and integrate with another repository or a local branch\n   push              Update remote refs along with associated objects\n\n'git help -a' and 'git help -g' list available subcommands and some\nconcept guides. See 'git help <command>' or 'git help <concept>'\nto read about a specific subcommand or concept.\nSee 'git help git' for an overview of the system.\n""
16:12:20.340730 [debug] [MainThread]: STDERR: "b''"
16:12:20.347081 [debug] [MainThread]: Acquiring new bigquery connection "debug"
16:12:20.348091 [debug] [MainThread]: Opening a new connection, currently in state init
16:12:20.351352 [debug] [MainThread]: On debug: select 1 as id
16:12:21.063348 [debug] [MainThread]: Sending event: {'category': 'dbt', 'action': 'invocation', 'label': 'end', 'context': [<snowplow_tracker.self_describing_json.SelfDescribingJson object at 0x7ff169b1b460>, <snowplow_tracker.self_describing_json.SelfDescribingJson object at 0x7ff169b1b880>, <snowplow_tracker.self_describing_json.SelfDescribingJson object at 0x7ff169b1b940>]}
16:12:21.315879 [debug] [MainThread]: Connection 'debug' was properly closed.


============================== 2022-02-15 04:45:08.736111 | 621dee62-de29-4149-b9a0-0ce6a2237411 ==============================
04:45:08.736111 [info ] [MainThread]: Running with dbt=1.0.1
04:45:08.736922 [debug] [MainThread]: running dbt with arguments Namespace(cls=<class 'dbt.task.debug.DebugTask'>, config_dir=False, debug=None, defer=None, event_buffer_size=None, fail_fast=None, log_cache_events=False, log_format=None, partial_parse=None, printer_width=None, profile=None, profiles_dir='/config/.dbt', project_dir=None, record_timing_info=None, rpc_method=None, send_anonymous_usage_stats=None, single_threaded=False, state=None, static_parser=None, target=None, use_colors=None, use_experimental_parser=None, vars='{}', version_check=None, warn_error=None, which='debug', write_json=None)
04:45:08.737190 [debug] [MainThread]: Tracking: tracking
04:45:08.752269 [debug] [MainThread]: Sending event: {'category': 'dbt', 'action': 'invocation', 'label': 'start', 'context': [<snowplow_tracker.self_describing_json.SelfDescribingJson object at 0x7f19549789d0>, <snowplow_tracker.self_describing_json.SelfDescribingJson object at 0x7f1954978460>, <snowplow_tracker.self_describing_json.SelfDescribingJson object at 0x7f1954978370>]}
04:45:09.216349 [debug] [MainThread]: Executing "git --help"
04:45:09.224709 [debug] [MainThread]: STDOUT: "b"usage: git [--version] [--help] [-C <path>] [-c <name>=<value>]\n           [--exec-path[=<path>]] [--html-path] [--man-path] [--info-path]\n           [-p | --paginate | -P | --no-pager] [--no-replace-objects] [--bare]\n           [--git-dir=<path>] [--work-tree=<path>] [--namespace=<name>]\n           <command> [<args>]\n\nThese are common Git commands used in various situations:\n\nstart a working area (see also: git help tutorial)\n   clone             Clone a repository into a new directory\n   init              Create an empty Git repository or reinitialize an existing one\n\nwork on the current change (see also: git help everyday)\n   add               Add file contents to the index\n   mv                Move or rename a file, a directory, or a symlink\n   restore           Restore working tree files\n   rm                Remove files from the working tree and from the index\n   sparse-checkout   Initialize and modify the sparse-checkout\n\nexamine the history and state (see also: git help revisions)\n   bisect            Use binary search to find the commit that introduced a bug\n   diff              Show changes between commits, commit and working tree, etc\n   grep              Print lines matching a pattern\n   log               Show commit logs\n   show              Show various types of objects\n   status            Show the working tree status\n\ngrow, mark and tweak your common history\n   branch            List, create, or delete branches\n   commit            Record changes to the repository\n   merge             Join two or more development histories together\n   rebase            Reapply commits on top of another base tip\n   reset             Reset current HEAD to the specified state\n   switch            Switch branches\n   tag               Create, list, delete or verify a tag object signed with GPG\n\ncollaborate (see also: git help workflows)\n   fetch             Download objects and refs from another repository\n   pull              Fetch from and integrate with another repository or a local branch\n   push              Update remote refs along with associated objects\n\n'git help -a' and 'git help -g' list available subcommands and some\nconcept guides. See 'git help <command>' or 'git help <concept>'\nto read about a specific subcommand or concept.\nSee 'git help git' for an overview of the system.\n""
04:45:09.225291 [debug] [MainThread]: STDERR: "b''"
04:45:09.231134 [debug] [MainThread]: Acquiring new bigquery connection "debug"
04:45:09.232191 [debug] [MainThread]: Opening a new connection, currently in state init
04:45:09.235323 [debug] [MainThread]: On debug: select 1 as id
04:45:10.006656 [debug] [MainThread]: Sending event: {'category': 'dbt', 'action': 'invocation', 'label': 'end', 'context': [<snowplow_tracker.self_describing_json.SelfDescribingJson object at 0x7f19568730d0>, <snowplow_tracker.self_describing_json.SelfDescribingJson object at 0x7f19560fe9a0>, <snowplow_tracker.self_describing_json.SelfDescribingJson object at 0x7f19560fea00>]}
04:45:10.171873 [debug] [MainThread]: Connection 'debug' was properly closed.
